[0m21:57:27.900708 [debug] [MainThread]: Sending event: {'category': 'dbt', 'action': 'invocation', 'label': 'start', 'context': [<snowplow_tracker.self_describing_json.SelfDescribingJson object at 0x000002D5B7D0ADD0>, <snowplow_tracker.self_describing_json.SelfDescribingJson object at 0x000002D5B8E64B50>, <snowplow_tracker.self_describing_json.SelfDescribingJson object at 0x000002D5B8E64970>]}


============================== 21:57:27.903282 | 5c98d496-f7ce-4213-a947-ef72c3d2d786 ==============================
[0m21:57:27.903282 [info ] [MainThread]: Running with dbt=1.10.0
[0m21:57:27.907616 [debug] [MainThread]: running dbt with arguments {'printer_width': '80', 'indirect_selection': 'eager', 'write_json': 'True', 'log_cache_events': 'False', 'partial_parse': 'True', 'cache_selected_only': 'False', 'profiles_dir': 'C:\\Users\\vina3\\.dbt', 'debug': 'False', 'version_check': 'True', 'log_path': 'logs', 'warn_error': 'None', 'fail_fast': 'False', 'use_colors': 'True', 'use_experimental_parser': 'False', 'no_print': 'None', 'quiet': 'False', 'empty': 'None', 'log_format': 'default', 'introspect': 'True', 'invocation_command': 'dbt init earthquake', 'static_parser': 'True', 'target_path': 'None', 'warn_error_options': 'WarnErrorOptionsV2(error=[], warn=[], silence=[])', 'send_anonymous_usage_stats': 'True'}
[0m21:57:27.938121 [debug] [MainThread]: Starter project path: C:\Users\vina3\.conda\envs\earthquake\lib\site-packages\dbt\include\starter_project
[0m21:57:28.031338 [info ] [MainThread]: 
Your new dbt project "earthquake" was created!

For more information on how to configure the profiles.yml file,
please consult the dbt documentation here:

  https://docs.getdbt.com/docs/configure-your-profile

One more thing:

Need help? Don't hesitate to reach out to us via GitHub issues or on Slack:

  https://community.getdbt.com/

Happy modeling!

[0m21:57:28.031338 [info ] [MainThread]: Setting up your profile.
[0m21:57:45.605999 [debug] [MainThread]: Command `dbt init` succeeded at 21:57:45.605999 after 17.85 seconds
[0m21:57:45.605999 [debug] [MainThread]: Sending event: {'category': 'dbt', 'action': 'invocation', 'label': 'end', 'context': [<snowplow_tracker.self_describing_json.SelfDescribingJson object at 0x000002D5B7D0ADD0>, <snowplow_tracker.self_describing_json.SelfDescribingJson object at 0x000002D5B81202B0>, <snowplow_tracker.self_describing_json.SelfDescribingJson object at 0x000002D5B8E64910>]}
[0m21:57:45.608651 [debug] [MainThread]: Flushing usage events
[0m21:57:46.307461 [debug] [MainThread]: An error was encountered while trying to flush usage events
[0m19:59:45.148553 [debug] [MainThread]: Sending event: {'category': 'dbt', 'action': 'invocation', 'label': 'start', 'context': [<snowplow_tracker.self_describing_json.SelfDescribingJson object at 0x000002B005484430>, <snowplow_tracker.self_describing_json.SelfDescribingJson object at 0x000002B006537C40>, <snowplow_tracker.self_describing_json.SelfDescribingJson object at 0x000002B006537E50>]}


============================== 19:59:45.154657 | ac1967dc-3d16-4614-9f47-1afd841b1fc5 ==============================
[0m19:59:45.154657 [info ] [MainThread]: Running with dbt=1.11.0-rc4
[0m19:59:45.154657 [debug] [MainThread]: running dbt with arguments {'version_check': 'True', 'no_print': 'None', 'static_parser': 'True', 'warn_error_options': 'WarnErrorOptionsV2(error=[], warn=[], silence=[])', 'target_path': 'None', 'printer_width': '80', 'write_json': 'True', 'empty': 'False', 'log_cache_events': 'False', 'introspect': 'True', 'cache_selected_only': 'False', 'log_format': 'default', 'debug': 'False', 'fail_fast': 'False', 'partial_parse': 'True', 'send_anonymous_usage_stats': 'True', 'quiet': 'False', 'warn_error': 'None', 'profiles_dir': 'C:\\Users\\vina3\\.dbt', 'invocation_command': 'dbt run', 'indirect_selection': 'eager', 'use_colors': 'True', 'use_experimental_parser': 'False', 'log_path': 'logs'}
[0m19:59:45.158588 [error] [MainThread]: Encountered an error:
Runtime Error
  No dbt_project.yml found at expected path C:\Users\vina3\OneDrive\Desktop\earthquake_project\transform\dbt\dbt_project.yml
  Verify that each entry within packages.yml (and their transitive dependencies) contains a file named dbt_project.yml
  
[0m19:59:45.158588 [debug] [MainThread]: Command `dbt run` failed at 19:59:45.158588 after 0.18 seconds
[0m19:59:45.162359 [debug] [MainThread]: Sending event: {'category': 'dbt', 'action': 'invocation', 'label': 'end', 'context': [<snowplow_tracker.self_describing_json.SelfDescribingJson object at 0x000002B005484430>, <snowplow_tracker.self_describing_json.SelfDescribingJson object at 0x000002B006537E50>, <snowplow_tracker.self_describing_json.SelfDescribingJson object at 0x000002B006537B80>]}
[0m19:59:45.162359 [debug] [MainThread]: Flushing usage events
[0m19:59:45.904735 [debug] [MainThread]: An error was encountered while trying to flush usage events
